TaskID GiftID GiftType TaskType Emergency RequestTime TaskArrival TT Responsible
____________________________________________________________________________________________
0		0		2		painting		0		0		0			3	A
1		1		3		assembling		0		1		1			2	B
3		0		2		packaging		0		3		0			1	B
4		1		3		packaging		0		3		1			2	B
5		0		2		delivery		0		4		0			1	Santa
2		2		2		painting		0		2		2			4	A
6		4		4		QA				0		4		4			2	Santa
7		3		1		packaging		0		3		3			3	B
8		5		1		packaging		0		5		5			2	A
9		2		2		packaging		0		6		2			1	B
10		1		3		delivery		0		5		1			2	Santa
12		3		1		delivery		0		6		3			2	Santa
13		5		1		delivery		0		7		5			2	Santa
14		8		1		packaging		0		8		8			1	B
11		4		4		painting		0		4		4			6	A
15		2		2		delivery		0		7		2			3	Santa
16		9		1		packaging		0		9		9			1	B
18		8		1		delivery		0		9		8			2	Santa
19		4		4		packaging		0		10		4			1	B
20		9		1		delivery		0		10		9			2	Santa
21		10		1		packaging		0		10		10			2	B
17		6		2		painting		0		6		6			7	A
22		4		4		delivery		0		11		4			2	Santa
23		11		1		packaging		0		11		11			2	B
25		10		1		delivery		0		12		10			2	Santa
26		6		2		packaging		0		13		6			1	B
27		11		1		delivery		0		13		11			2	Santa
24		7		2		painting		0		7		7			9	A
29		6		2		delivery		0		14		6			2	Santa
28		14		5		assembling		0		14		14			2	B
30		15		1		packaging		0		15		15			2	A
31		14		5		QA				0		14		14			3	Santa
32		7		2		packaging		0		16		7			1	B
33		16		1		packaging		0		16		16			2	A
34		15		1		delivery		0		17		15			1	Santa
35		14		5		packaging		0		17		14			1	B
36		17		1		packaging		0		17		17			2	A
37		7		2		delivery		0		17		7			2	Santa
39		16		1		delivery		0		18		16			2	Santa
38		18		5		assembling		0		18		18			2	B
41		14		5		delivery		0		18		14			3	Santa
43		17		1		delivery		0		19		17			3	Santa
42		20		3		assembling		0		20		20			2	B
40		19		2		painting		0		19		19			3	A
44		18		5		QA				0		18		18			5	Santa
45		20		3		packaging		0		22		20			1	B
46		19		2		packaging		0		22		19			1	A
48		20		3		delivery		0		23		20			1	Santa
49		23		1		packaging		0		23		23			1	A
47		18		5		assembling		0		23		18			2	B
50		19		2		delivery		0		23		19			2	Santa
51		24		1		packaging		0		24		24			1	A
52		18		5		packaging		0		25		18			1	B
53		23		1		delivery		0		24		23			2	Santa
54		25		1		packaging		0		25		25			1	A
55		24		1		delivery		0		25		24			2	Santa
56		26		1		packaging		0		26		26			1	B
57		18		5		delivery		0		26		18			2	Santa
58		27		5		assembling		0		27		27			2	B
59		25		1		delivery		0		26		25			3	Santa
60		28		1		packaging		0		28		28			1	A
61		26		1		delivery		0		27		26			3	Santa
63		28		1		delivery		0		29		28			2	Santa
62		29		2		painting		0		29		29			3	A
65		27		5		QA				0		27		27			5	Santa
64		31		5		assembling		0		31		31			2	B
67		31		5		QA				0		31		31			2	Santa
68		29		2		packaging		0		32		29			2	B
66		30		2		painting		0		30		30			5	A
69		32		1		packaging		0		32		32			3	B
70		29		2		delivery		0		34		29			1	Santa
71		27		5		packaging		0		32		27			4	A
72		33		1		packaging		0		33		33			3	B
73		32		1		delivery		0		35		32			1	Santa
74		31		5		packaging		0		33		31			4	A
75		34		1		packaging		0		34		34			3	B
76		27		5		delivery		0		36		27			1	Santa
77		30		2		packaging		0		35		30			3	A
78		36		1		packaging		0		36		36			2	B
79		33		1		delivery		0		36		33			2	Santa
81		31		5		delivery		0		37		31			2	Santa
82		38		1		packaging		0		38		38			1	A
80		37		3		assembling		0		37		37			3	B
83		34		1		delivery		0		37		34			3	Santa
84		39		1		packaging		0		39		39			1	A
85		37		3		packaging		0		40		37			1	B
86		30		2		delivery		0		38		30			3	Santa
87		36		1		delivery		0		38		36			4	Santa
89		42		1		packaging		0		42		42			1	B
90		38		1		delivery		0		39		38			4	Santa
88		41		2		painting		0		41		41			3	A
91		39		1		delivery		0		40		39			4	Santa
93		41		2		packaging		0		44		41			1	B
94		37		3		delivery		0		41		37			4	Santa
95		45		1		packaging		0		45		45			1	B
96		42		1		delivery		0		43		42			3	Santa
92		44		2		painting		0		44		44			3	A
97		46		1		packaging		0		46		46			1	B
98		41		2		delivery		0		45		41			2	Santa
99		44		2		packaging		0		47		44			1	A
101		45		1		delivery		0		46		45			2	Santa
100		47		3		assembling		0		47		47			2	B
102		48		1		packaging		0		48		48			1	A
103		46		1		delivery		0		47		46			2	Santa
104		44		2		delivery		0		48		44			2	Santa
105		47		3		packaging		0		49		47			1	A
106		49		5		assembling		0		49		49			2	B
107		48		1		delivery		0		49		48			2	Santa
108		50		1		packaging		0		50		50			1	A
109		47		3		delivery		0		50		47			2	Santa
111		50		1		delivery		0		51		50			2	Santa
110		52		5		assembling		0		52		52			2	B
112		53		1		packaging		0		53		53			1	A
113		49		5		QA				0		49		49			5	Santa
114		54		1		packaging		0		54		54			1	A
115		53		1		delivery		0		54		53			1	Santa
116		49		5		assembling		0		54		49			2	B
117		55		1		packaging		0		55		55			1	A
118		54		1		delivery		0		55		54			1	Santa
119		49		5		packaging		0		56		49			1	B
121		55		1		delivery		0		56		55			1	Santa
122		57		1		packaging		0		57		57			1	B
123		49		5		delivery		0		57		49			1	Santa
124		52		5		QA				0		52		52			7	Santa
120		56		2		painting		0		56		56			3	A
125		57		1		delivery		0		58		57			2	Santa
127		56		2		packaging		0		59		56			1	A
126		52		5		assembling		0		59		52			2	B
128		56		2		delivery		0		60		56			1	Santa
130		52		5		packaging		0		61		52			1	A
129		59		3		assembling		0		59		59			4	B
132		52		5		delivery		0		62		52			1	Santa
134		63		4		QA				0		63		63			1	Santa
131		61		2		painting		0		61		61			4	A
133		60		3		assembling		0		60		60			5	B
135		59		3		packaging		0		63		59			3	A
136		61		2		packaging		0		65		61			1	B
137		60		3		packaging		0		65		60			2	A
138		59		3		delivery		0		66		59			1	Santa
139		62		3		assembling		0		62		62			6	B
141		61		2		delivery		0		66		61			2	Santa
143		60		3		delivery		0		67		60			2	Santa
140		63		4		painting		0		63		63			7	A
142		65		3		assembling		0		65		65			5	B
144		67		4		QA				0		67		67			3	Santa
145		62		3		packaging		0		68		62			3	A
146		69		1		packaging		0		69		69			2	B
148		62		3		delivery		0		71		62			1	Santa
147		63		4		packaging		0		70		63			2	A
149		65		3		packaging		0		70		65			2	B
151		70		1		packaging		0		70		70			3	A
150		69		1		delivery		0		71		69			2	Santa
152		71		1		packaging		0		71		71			2	B
154		63		4		delivery		0		72		63			2	Santa
156		65		3		delivery		0		72		65			3	Santa
155		66		3		assembling		0		66		66			9	B
153		64		2		painting		0		64		64			12	A
157		70		1		delivery		0		73		70			3	Santa
158		74		1		packaging		0		74		74			2	B
159		66		3		packaging		0		75		66			2	A
160		71		1		delivery		0		73		71			4	Santa
161		75		1		packaging		0		75		75			2	B
162		64		2		packaging		0		76		64			2	A
163		74		1		delivery		0		76		74			2	Santa
165		77		1		packaging		0		77		77			2	A
164		72		3		assembling		0		72		72			7	B
166		66		3		delivery		0		77		66			2	Santa
169		75		1		delivery		0		77		75			3	Santa
168		76		3		assembling		0		76		76			5	B
170		64		2		delivery		0		78		64			3	Santa
167		63		4		painting		0		64		63			18	A
171		72		3		packaging		0		79		72			3	B
172		77		1		delivery		0		79		77			3	Santa
173		79		1		packaging		0		79		79			4	A
174		80		1		packaging		0		80		80			3	B
175		72		3		delivery		0		82		72			1	Santa
176		76		3		packaging		0		81		76			3	A
177		63		4		packaging		0		82		63			2	B
178		79		1		delivery		0		83		79			1	Santa
179		83		1		packaging		0		83		83			2	A
181		80		1		delivery		0		83		80			2	Santa
182		84		1		packaging		0		84		84			2	A
180		78		3		assembling		0		78		78			8	B
183		76		3		delivery		0		84		76			2	Santa
184		85		1		packaging		0		85		85			2	A
185		78		3		packaging		0		86		78			1	B
186		63		4		delivery		0		84		63			3	Santa
187		86		1		packaging		0		86		86			2	A
188		83		1		delivery		0		85		83			3	Santa
191		84		1		delivery		0		86		84			3	Santa
189		87		3		assembling		0		87		87			2	B
192		85		1		delivery		0		87		85			3	Santa
193		88		1		packaging		0		88		88			2	B
190		67		4		painting		0		67		67			24	A
194		78		3		delivery		0		87		78			4	Santa
195		87		3		packaging		0		89		87			2	B
196		89		1		packaging		0		89		89			3	A
197		86		1		delivery		0		88		86			4	Santa
198		67		4		packaging		0		91		67			1	B
200		88		1		delivery		0		90		88			3	Santa
202		87		3		delivery		0		91		87			3	Santa
201		92		3		assembling		0		92		92			2	B
199		68		2		painting		0		68		68			27	A
203		89		1		delivery		0		92		89			3	Santa
204		93		1		packaging		0		93		93			2	B
205		92		3		packaging		0		94		92			2	A
206		67		4		delivery		0		92		67			4	Santa
207		68		2		packaging		0		95		68			1	B
208		95		1		packaging		0		95		95			2	A
209		93		1		delivery		0		95		93			2	Santa
212		92		3		delivery		0		96		92			2	Santa
210		94		3		assembling		0		94		94			4	B
213		68		2		delivery		0		96		68			3	Santa
214		94		3		packaging		0		98		94			1	B
211		67		4		painting		0		70		67			30	A
215		95		1		delivery		0		97		95			3	Santa
216		98		1		packaging		0		98		98			2	B
217		99		1		packaging		0		99		99			2	A
218		94		3		delivery		0		99		94			2	Santa
219		67		4		packaging		0		100		67			1	B
221		98		1		delivery		0		100		98			2	Santa
223		99		1		delivery		0		101		99			2	Santa
222		100		3		assembling		0		100		100			3	B
220		73		2		painting		0		73		73			31	A
224		67		4		delivery		0		101		67			3	Santa
225		101		1		packaging		0		101		101			3	B
226		100		3		packaging		0		103		100			2	A
227		96		4		QA				0		96		96			9	Santa
228		103		1		packaging		0		103		103			2	B
229		73		2		packaging		0		104		73			2	A
230		101		1		delivery		0		104		101			2	Santa
233		100		3		delivery		0		105		100			2	Santa
231		104		3		assembling		0		104		104			3	B
234		103		1		delivery		0		105		103			3	Santa
235		106		1		packaging		0		106		106			2	B
232		90		2		painting		0		90		90			19	A
236		73		2		delivery		0		106		73			3	Santa
237		104		3		packaging		0		107		104			2	B
238		107		1		packaging		0		107		107			3	A
239		106		1		delivery		0		108		106			2	Santa
240		108		1		packaging		0		108		108			2	B
241		90		2		packaging		0		109		90			2	A
242		104		3		delivery		0		109		104			2	Santa
243		109		1		packaging		0		109		109			2	B
244		110		1		packaging		0		110		110			2	A
245		107		1		delivery		0		110		107			2	Santa
247		108		1		delivery		0		110		108			3	Santa
248		112		1		packaging		0		112		112			1	B
249		90		2		delivery		0		111		90			3	Santa
250		113		1		packaging		0		113		113			1	B
246		96		4		painting		0		96		96			19	A
251		109		1		delivery		0		111		109			4	Santa
254		110		1		delivery		0		112		110			4	Santa
252		114		3		assembling		0		114		114			2	B
255		112		1		delivery		0		113		112			4	Santa
256		96		4		packaging		0		115		96			2	B
253		97		2		painting		0		97		97			21	A
257		113		1		delivery		0		114		113			4	Santa
258		115		1		packaging		0		115		115			3	B
259		114		3		packaging		0		116		114			3	A
260		96		4		delivery		0		117		96			2	Santa
261		97		2		packaging		0		118		97			1	B
263		115		1		delivery		0		118		115			2	Santa
