TaskID GiftID GiftType TaskType Emergency RequestTime TaskArrival TT Responsible
____________________________________________________________________________________________
0		0		2		painting		0		0		0			3	A
1		3		1		packaging		0		3		3			1	B
3		0		2		packaging		0		3		0			2	B
4		3		1		delivery		0		4		3			1	Santa
5		5		1		packaging		0		5		5			1	B
6		0		2		delivery		0		5		0			1	Santa
2		1		2		painting		0		1		1			5	A
8		5		1		delivery		0		6		5			1	Santa
7		4		3		assembling		0		4		4			4	B
10		1		2		packaging		0		6		1			3	B
9		2		2		painting		0		2		2			7	A
11		7		1		packaging		0		7		7			3	B
12		1		2		delivery		0		9		1			1	Santa
13		8		1		packaging		0		8		8			2	A
14		4		3		packaging		0		8		4			3	B
15		7		1		delivery		0		10		7			1	Santa
16		9		1		packaging		0		9		9			2	A
17		2		2		packaging		0		9		2			3	B
18		8		1		delivery		0		10		8			2	Santa
19		10		1		packaging		0		10		10			2	A
20		4		3		delivery		0		11		4			2	Santa
21		11		1		packaging		0		11		11			2	B
23		9		1		delivery		0		11		9			3	Santa
24		12		5		assembling		0		12		12			3	B
25		2		2		delivery		0		12		2			3	Santa
22		6		2		painting		0		6		6			9	A
26		15		1		packaging		0		15		15			1	B
27		12		5		QA				0		12		12			4	Santa
28		6		2		packaging		0		15		6			1	A
29		16		1		packaging		0		16		16			1	B
30		10		1		delivery		0		12		10			5	Santa
31		12		5		packaging		0		16		12			1	A
32		17		1		packaging		0		17		17			1	B
33		11		1		delivery		0		13		11			5	Santa
35		15		1		delivery		0		16		15			3	Santa
34		13		5		assembling		0		13		13			7	B
37		6		2		delivery		0		16		6			4	Santa
39		13		5		QA				0		13		13			8	Santa
36		19		2		painting		0		19		19			3	A
38		14		3		assembling		0		14		14			8	B
40		12		5		QA				0		15		12			7	Santa
41		13		5		packaging		0		21		13			2	A
42		19		2		packaging		0		22		19			1	B
43		13		5		QA				0		20		13			3	Santa
44		14		3		packaging		0		22		14			2	B
45		12		5		packaging		0		22		12			2	A
46		16		1		delivery		0		17		16			7	Santa
47		23		1		packaging		0		23		23			2	B
48		13		5		packaging		0		23		13			2	A
49		12		5		delivery		0		17		12			8	Santa
50		24		1		packaging		0		24		24			2	B
51		25		1		packaging		0		25		25			1	A
52		17		1		delivery		0		18		17			8	Santa
54		26		1		packaging		0		26		26			1	A
55		19		2		delivery		0		23		19			4	Santa
53		18		3		assembling		0		18		18			10	B
57		13		5		delivery		0		23		13			5	Santa
58		28		1		packaging		0		28		28			1	B
59		14		3		delivery		0		24		14			5	Santa
56		20		2		painting		0		20		20			10	A
60		18		3		packaging		0		28		18			2	B
61		12		5		delivery		0		24		12			6	Santa
63		20		2		packaging		0		30		20			1	B
64		23		1		delivery		0		25		23			6	Santa
66		13		5		delivery		0		25		13			7	Santa
62		29		2		painting		0		29		29			4	A
65		21		5		assembling		0		21		21			12	B
67		24		1		delivery		0		26		24			7	Santa
68		32		1		packaging		0		32		32			2	A
69		29		2		packaging		0		33		29			1	B
70		21		5		QA				0		21		21			13	Santa
71		33		1		packaging		0		33		33			2	A
73		25		1		delivery		0		26		25			9	Santa
74		34		1		packaging		0		34		34			2	A
72		22		5		assembling		0		22		22			14	B
75		22		5		QA				0		22		22			14	Santa
76		21		5		packaging		0		34		21			3	A
78		21		5		QA				0		33		21			4	Santa
79		36		1		packaging		0		36		36			2	A
77		27		3		assembling		0		27		27			11	B
80		26		1		delivery		0		27		26			11	Santa
81		22		5		packaging		0		36		22			3	A
82		21		5		packaging		0		37		21			2	B
83		28		1		delivery		0		29		28			10	Santa
85		38		1		packaging		0		38		38			2	B
84		27		3		packaging		0		38		27			2	A
86		18		3		delivery		0		30		18			10	Santa
87		39		1		packaging		0		39		39			2	B
89		35		5		QA				0		35		35			6	Santa
91		20		2		delivery		0		31		20			11	Santa
88		30		2		painting		1		30		30			13	A
90		31		3		assembling		0		31		31			12	B
92		32		1		delivery		0		34		32			9	Santa
93		41		1		packaging		0		41		41			3	A
94		30		2		packaging		1		43		30			1	B
95		22		5		QA				0		36		22			8	Santa
96		42		1		packaging		0		42		42			3	A
97		31		3		packaging		0		43		31			2	B
98		30		2		delivery		1		44		30			1	Santa
99		44		1		packaging		0		44		44			2	A
100		22		5		packaging		0		44		22			2	B
101		29		2		delivery		0		34		29			12	Santa
102		45		1		packaging		0		45		45			2	A
104		33		1		delivery		0		35		33			12	Santa
103		35		5		assembling		0		35		35			13	B
105		46		1		packaging		0		46		46			2	A
106		34		1		delivery		0		36		34			12	Santa
109		40		5		QA				0		40		40			9	Santa
107		40		5		assembling		0		40		40			10	B
110		21		5		delivery		0		37		21			13	Santa
111		48		1		packaging		0		48		48			3	B
108		37		2		painting		0		37		37			14	A
112		36		1		delivery		0		38		36			13	Santa
113		40		5		packaging		0		50		40			2	B
114		50		1		packaging		0		50		50			2	A
115		43		5		QA				0		43		43			9	Santa
116		37		2		packaging		0		51		37			2	B
118		22		5		delivery		0		39		22			14	Santa
120		21		5		delivery		0		39		21			15	Santa
117		47		2		painting		0		47		47			8	A
119		35		5		assembling		0		41		35			14	B
121		38		1		delivery		0		40		38			15	Santa
122		53		1		packaging		0		53		53			3	A
123		54		1		packaging		0		54		54			2	B
124		27		3		delivery		0		40		27			16	Santa
125		47		2		packaging		0		55		47			2	A
126		35		5		packaging		0		55		35			2	B
127		39		1		delivery		0		41		39			16	Santa
128		55		1		packaging		0		55		55			3	A
129		56		1		packaging		0		56		56			2	B
130		41		1		delivery		0		44		41			14	Santa
131		57		1		packaging		0		57		57			2	A
133		35		5		QA				0		48		35			11	Santa
132		43		5		assembling		0		43		43			17	B
134		42		1		delivery		0		45		42			15	Santa
135		35		5		packaging		0		59		35			1	A
137		51		5		QA				0		51		51			10	Santa
136		49		3		assembling		0		49		49			13	B
139		31		3		delivery		0		45		31			17	Santa
138		60		2		painting		1		60		60			3	A
141		44		1		delivery		0		46		44			17	Santa
140		40		5		assembling		0		49		40			15	B
142		49		3		packaging		0		62		49			2	A
143		22		5		delivery		0		46		22			18	Santa
144		60		2		packaging		1		63		60			2	B
145		40		5		packaging		0		64		40			1	A
146		45		1		delivery		0		47		45			18	Santa
149		60		2		delivery		1		65		60			1	Santa
147		51		5		assembling		0		51		51			16	B
150		46		1		delivery		0		48		46			19	Santa
148		61		2		painting		0		61		61			7	A
152		48		1		delivery		0		51		48			17	Santa
151		52		3		assembling		0		52		52			17	B
153		51		5		packaging		0		67		51			2	A
154		40		5		delivery		0		52		40			17	Santa
155		61		2		packaging		0		68		61			2	B
156		68		1		packaging		0		68		68			2	A
157		50		1		delivery		0		52		50			18	Santa
158		52		3		packaging		0		69		52			2	B
159		69		1		packaging		0		69		69			2	A
160		37		2		delivery		0		53		37			18	Santa
161		70		1		packaging		0		70		70			2	B
163		53		1		delivery		0		56		53			16	Santa
164		71		1		packaging		0		71		71			2	B
165		54		1		delivery		0		56		54			17	Santa
162		62		2		painting		0		62		62			12	A
167		47		2		delivery		0		57		47			17	Santa
168		73		1		packaging		0		73		73			2	A
166		43		5		assembling		0		52		43			23	B
169		35		5		delivery		0		57		35			18	Santa
170		62		2		packaging		0		74		62			2	A
171		74		1		packaging		0		74		74			2	B
172		55		1		delivery		0		58		55			18	Santa
173		43		5		packaging		0		75		43			2	A
174		75		1		packaging		0		75		75			2	B
175		56		1		delivery		0		58		56			19	Santa
178		57		1		delivery		0		59		57			19	Santa
177		58		5		assembling		0		58		58			21	B
179		35		5		delivery		0		60		35			19	Santa
176		64		2		painting		0		64		64			16	A
180		77		1		packaging		0		77		77			3	B
181		58		5		QA				0		58		58			22	Santa
182		79		1		packaging		0		79		79			2	A
183		64		2		packaging		0		80		64			1	B
184		49		3		delivery		0		64		49			17	Santa
185		58		5		packaging		0		80		58			2	A
186		80		1		packaging		0		80		80			2	B
187		40		5		delivery		0		65		40			17	Santa
190		43		5		QA				0		60		43			23	Santa
189		59		3		assembling		0		59		59			25	B
191		58		5		QA				0		79		58			5	Santa
188		72		2		painting		0		72		72			13	A
193		51		5		delivery		0		69		51			16	Santa
192		43		5		packaging		0		83		43			2	B
194		83		1		packaging		0		83		83			3	A
195		61		2		delivery		0		70		61			16	Santa
196		59		3		packaging		0		84		59			2	B
197		84		1		packaging		0		84		84			3	A
199		58		5		packaging		0		84		58			3	B
198		68		1		delivery		0		70		68			17	Santa
200		72		2		packaging		0		85		72			3	A
201		85		1		packaging		0		85		85			3	B
202		52		3		delivery		0		71		52			17	Santa
203		86		1		packaging		0		86		86			3	A
204		88		1		packaging		0		88		88			1	B
205		69		1		delivery		0		71		69			18	Santa
207		89		1		packaging		0		89		89			1	B
208		70		1		delivery		0		72		70			18	Santa
209		90		1		packaging		1		90		90			1	B
210		71		1		delivery		0		73		71			18	Santa
206		76		2		painting		0		76		76			16	A
212		81		5		QA				0		81		81			11	Santa
211		51		5		assembling		0		61		51			32	B
214		90		1		delivery		1		91		90			2	Santa
215		76		2		packaging		0		92		76			2	B
216		73		1		delivery		0		75		73			19	Santa
213		87		2		painting		0		87		87			8	A
217		51		5		packaging		0		93		51			2	B
218		62		2		delivery		0		76		62			19	Santa
219		93		1		packaging		0		93		93			3	A
220		87		2		packaging		0		95		87			1	B
221		74		1		delivery		0		76		74			20	Santa
222		95		1		packaging		0		95		95			2	A
224		43		5		delivery		0		77		43			20	Santa
223		63		3		assembling		0		63		63			35	B
226		75		1		delivery		0		77		75			21	Santa
228		77		1		delivery		0		80		77			19	Santa
225		91		4		painting		0		91		91			9	A
227		65		3		assembling		0		65		65			35	B
229		79		1		delivery		0		81		79			19	Santa
230		63		3		packaging		0		98		63			3	A
231		98		1		packaging		0		98		98			3	B
232		64		2		delivery		0		81		64			20	Santa
233		99		1		packaging		0		99		99			3	A
234		65		3		packaging		0		100		65			2	B
235		58		5		delivery		0		82		58			20	Santa
236		101		1		packaging		0		101		101			2	A
238		80		1		delivery		0		82		80			21	Santa
237		66		3		assembling		0		66		66			38	B
240		43		5		delivery		0		85		43			19	Santa
241		103		1		packaging		0		103		103			2	B
242		83		1		delivery		0		86		83			19	Santa
239		92		2		painting		0		92		92			14	A
243		66		3		packaging		0		104		66			2	B
244		82		5		QA				0		82		82			24	Santa
246		92		2		packaging		0		106		92			1	B
247		59		3		delivery		0		86		59			21	Santa
248		106		1		packaging		0		106		106			2	B
249		84		1		delivery		0		87		84			21	Santa
245		97		2		painting		0		97		97			12	A
250		107		1		packaging		0		107		107			2	B
251		58		5		delivery		0		87		58			22	Santa
252		108		1		packaging		0		108		108			2	A
253		97		2		packaging		0		109		97			1	B
254		72		2		delivery		0		88		72			22	Santa
255		109		1		packaging		0		109		109			2	A
257		85		1		delivery		0		88		85			23	Santa
258		110		1		packaging		0		110		110			2	A
256		67		3		assembling		0		67		67			45	B
259		86		1		delivery		0		89		86			23	Santa
262		88		1		delivery		0		89		88			24	Santa
261		78		3		assembling		0		78		78			36	B
263		89		1		delivery		0		90		89			24	Santa
260		100		2		painting		0		100		100			15	A
264		67		3		packaging		0		112		67			3	B
265		76		2		delivery		0		94		76			21	Santa
266		112		1		packaging		0		112		112			4	A
267		113		1		packaging		0		113		113			3	B
268		51		5		delivery		0		95		51			21	Santa
269		78		3		packaging		0		114		78			3	A
270		100		2		packaging		0		115		100			2	B
271		93		1		delivery		0		96		93			21	Santa
272		115		1		packaging		0		115		115			3	A
273		116		1		packaging		0		116		116			2	B
274		87		2		delivery		0		96		87			22	Santa
277		91		4		QA				0		91		91			28	Santa
276		81		5		assembling		0		81		81			39	B
